{"name": "test_task_3", "status": "failed", "statusDetails": {"message": "AssertionError: assert 5 == 8\n +  where 5 = len('pages')", "trace": "self = <test_paper_1.TestPaper1 object at 0x105662fa0>\ndriver = <selenium.webdriver.chrome.webdriver.WebDriver (session=\"504a4653e8b178ec93d5428462670468\")>\n\n    @pytest.mark.task3\n    def test_task_3(self, driver):\n        driver.get(\"https://www.sp.edu.sg/\")\n    \n        # Search for cyber and check 78 results\n        button1 = driver.find_element(By.XPATH, \"//button[@class='search-button desktop-only']\")\n        button1.click()\n        wait = WebDriverWait(driver, 10)\n        wait.until(ec.visibility_of_element_located((By.ID, \"searchsg-input\")))\n        search = driver.find_element(By.ID, \"searchsg-input\")\n        search.send_keys(\"cybersecurity\")\n        search_button = driver.find_element(By.ID, \"search-button\")\n        search_button.click()\n        wait.until(ec.url_contains(\"https://www.sp.edu.sg/search-results?q=cybersecurity&scope=domain\"))\n        frame = driver.find_element(By.ID, \"searchsg-frame\")\n        driver.switch_to.frame(frame)\n        assert wait.until(ec.presence_of_element_located((By.XPATH, \"//*[contains(text(), 'of 78 results')]\")))\n        result_text = driver.find_elements(By.XPATH, \"//h5\")\n        result = result_text[1]\n        assert ['of 78 results' in result.text]\n    \n        # Check 8 pages\n        pages = driver.find_elements(By.XPATH, \"//ul[@class='pagination_page-number-group__giBPv']/li\")\n>       assert len('pages') == 8\nE       AssertionError: assert 5 == 8\nE        +  where 5 = len('pages')\n\ntest_paper_1.py:96: AssertionError"}, "start": 1764378802347, "stop": 1764378806017, "uuid": "2fc9cb13-6a3c-4d34-8630-bbc0bf0133be", "historyId": "dd38aa5d3c4e5a86d62d719cc5cf5f3c", "testCaseId": "dd38aa5d3c4e5a86d62d719cc5cf5f3c", "fullName": "test_paper_1.TestPaper1#test_task_3", "labels": [{"name": "tag", "value": "task3"}, {"name": "suite", "value": "test_paper_1"}, {"name": "subSuite", "value": "TestPaper1"}, {"name": "host", "value": "waffles.local"}, {"name": "thread", "value": "70368-MainThread"}, {"name": "framework", "value": "pytest"}, {"name": "language", "value": "cpython3"}, {"name": "package", "value": "test_paper_1"}], "titlePath": ["test_paper_1.py", "TestPaper1"]}