{"name": "test_task_1", "status": "failed", "statusDetails": {"message": "AssertionError: assert 0 == 2", "trace": "self = <test_paper_1.TestPaper1 object at 0x1035409d0>, driver = <selenium.webdriver.chrome.webdriver.WebDriver (session=\"36145193b461c5246a258158db90b3fa\")>\n\n    @pytest.mark.task1\n    def test_task_1(self, driver):\n    \n        driver.get(\"https://www.tp.edu.sg/home.html\")\n    \n        # Bar is visible\n        bar = driver.find_element(By.XPATH, \"//div[@class='header-search-box']\")\n        assert bar.is_displayed()\n    \n        # Check text displays 108\n        search = driver.find_element(By.XPATH, \"//div[@class='header-search-box']/input\")\n        search.send_keys(\"artificial intelligence\")\n        search_button = driver.find_element(By.XPATH, \"//a[@class='header-search-icon']\")\n        driver.execute_script(\"return arguments[0].click();\", search_button)\n        wait = WebDriverWait(driver, 10)\n        wait.until(ec.url_to_be(\"https://www.tp.edu.sg/search.html?keyword=artificial%20intelligence\"))\n        wait.until(ec.presence_of_element_located((By.XPATH, \"//div[@class='filter-mobile']\")))\n        result = driver.find_element(By.XPATH, \"//*[contains(text(), 'Displaying 1 - 10 Results of 108')]\")\n        assert result.text == \"Displaying 1 - 10 Results of 108\"\n    \n        # Check AI Empowerment exists\n        topics = driver.find_elements(By.XPATH, \"//div[@class='item']/a\")\n        topic_here = False\n        for topic in topics:\n            if topic.text == \"AI Empowerment Hub\":\n                topic_here = True\n        assert topic_here\n    \n        # Filter by course and check 37 results\n        filters = driver.find_elements(By.XPATH, \"//label[@class='custom-checkbox']/input\")\n        course_checkbox = filters[2]\n        driver.execute_script(\"return arguments[0].click();\", course_checkbox)\n        wait.until(ec.presence_of_element_located((By.XPATH, \"//*[contains(text(), 'Displaying 1 - 10 Results of 37')]\")))\n        result = driver.find_element(By.XPATH, \"//*[contains(text(), 'Displaying 1 - 10 Results of 37')]\")\n        assert result.text == \"Displaying 1 - 10 Results of 37\"\n    \n        # Change to 30 per page, check only 2\n        dropdown = driver.find_element(By.ID, \"select-global-limit\")\n        select_dropdown = Select(dropdown)\n        select_dropdown.select_by_value('30')\n        options = driver.find_elements(By.XPATH, \"//select[@id='select-global-limit']/option\")\n        option = options[2]\n        assert wait.until(lambda _: option.is_selected())\n        pages = driver.find_elements(By.XPATH, \"//li[@class='paginationjs-page J-paginationjs-page']/span\")\n        # assert len(pages) == 2\n    \n        # pages = driver.find_elements(By.XPATH, \"//div[@class='paginationjs-pages']/ul/li\")\n        total_pages = len(pages) - 6\n>       assert total_pages == 2\nE       assert 0 == 2\n\ntest_paper_1.py:61: AssertionError"}, "attachments": [{"name": "Screenshot Upon Failure", "source": "5eb8b6c3-f133-4e78-812d-e498c35c94c4-attachment.png", "type": "image/png"}], "start": 1764379977944, "stop": 1764379981356, "uuid": "4bd64ca3-5782-4e99-ba19-a3d74f910b52", "historyId": "cadedb1ce7b44b7b45996c4f65d051e2", "testCaseId": "cadedb1ce7b44b7b45996c4f65d051e2", "fullName": "test_paper_1.TestPaper1#test_task_1", "labels": [{"name": "tag", "value": "task1"}, {"name": "suite", "value": "test_paper_1"}, {"name": "subSuite", "value": "TestPaper1"}, {"name": "host", "value": "waffles.local"}, {"name": "thread", "value": "71668-MainThread"}, {"name": "framework", "value": "pytest"}, {"name": "language", "value": "cpython3"}, {"name": "package", "value": "test_paper_1"}], "titlePath": ["test_paper_1.py", "TestPaper1"]}